<?xml version="1.0" encoding="UTF-8"?>
<testsuite errors="0" failures="0" file=".py" name="CalculatorTest-20210610142348" skipped="0" tests="13" time="0.011" timestamp="2021-06-10T14:23:48">
	<testcase classname="CalculatorTest" file="com/automationpanda/tests/test_calc.py" line="28" name="test_add" time="0.005" timestamp="2021-06-10T14:23:48"/>
	<testcase classname="CalculatorTest" file="com/automationpanda/tests/test_calc.py" line="48" name="test_divide" time="0.001" timestamp="2021-06-10T14:23:48"/>
	<testcase classname="CalculatorTest" file="com/automationpanda/tests/test_calc.py" line="53" name="test_divide_by_zero" time="0.000" timestamp="2021-06-10T14:23:48"/>
	<testcase classname="CalculatorTest" file="com/automationpanda/tests/test_calc.py" line="24" name="test_last_answer_init" time="0.000" timestamp="2021-06-10T14:23:48"/>
	<testcase classname="CalculatorTest" file="com/automationpanda/tests/test_calc.py" line="66" name="test_max_equal" time="0.001" timestamp="2021-06-10T14:23:48"/>
	<testcase classname="CalculatorTest" file="com/automationpanda/tests/test_calc.py" line="56" name="test_max_greater" time="0.000" timestamp="2021-06-10T14:23:48"/>
	<testcase classname="CalculatorTest" file="com/automationpanda/tests/test_calc.py" line="61" name="test_max_less" time="0.000" timestamp="2021-06-10T14:23:48"/>
	<testcase classname="CalculatorTest" file="com/automationpanda/tests/test_calc.py" line="81" name="test_min_equal" time="0.001" timestamp="2021-06-10T14:23:48"/>
	<testcase classname="CalculatorTest" file="com/automationpanda/tests/test_calc.py" line="71" name="test_min_greater" time="0.001" timestamp="2021-06-10T14:23:48"/>
	<testcase classname="CalculatorTest" file="com/automationpanda/tests/test_calc.py" line="76" name="test_min_less" time="0.001" timestamp="2021-06-10T14:23:48"/>
	<testcase classname="CalculatorTest" file="com/automationpanda/tests/test_calc.py" line="43" name="test_multiply" time="0.001" timestamp="2021-06-10T14:23:48"/>
	<testcase classname="CalculatorTest" file="com/automationpanda/tests/test_calc.py" line="33" name="test_subtract" time="0.000" timestamp="2021-06-10T14:23:48"/>
	<testcase classname="CalculatorTest" file="com/automationpanda/tests/test_calc.py" line="38" name="test_subtract_negative" time="0.000" timestamp="2021-06-10T14:23:48"/>
</testsuite>
